<?xml version="1.0" encoding="UTF-8"?>
<!-- Generated by org.testng.reporters.JUnitReportReporter -->
<testsuite hostname="DESKTOP-THPS9VE" failures="0" tests="1" name="testCases.ForgotPasswordTest" time="5.085" errors="0" timestamp="2023-10-07T20:59:48 EDT" skipped="0">
  <testcase classname="testCases.ForgotPasswordTest" name="forgotYourPassword" time="5.085"/>
</testsuite> <!-- testCases.ForgotPasswordTest -->
