<?xml version="1.0" encoding="UTF-8"?>
<!-- Generated by org.testng.reporters.JUnitReportReporter -->
<testsuite hostname="DESKTOP-THPS9VE" failures="0" tests="1" name="testCases.LoginTest" time="7.762" errors="0" timestamp="2023-10-07T20:19:54 EDT" skipped="0">
  <testcase classname="testCases.LoginTest" name="verifyValidLogin" time="7.762"/>
</testsuite> <!-- testCases.LoginTest -->
