<?xml version="1.0" encoding="UTF-8"?>
<!-- Generated by org.testng.reporters.JUnitReportReporter -->
<testsuite hostname="DESKTOP-THPS9VE" failures="0" tests="1" name="testCases.Login" time="6.692" errors="0" timestamp="2023-09-27T22:27:57 EDT" skipped="0">
  <testcase classname="testCases.Login" name="verifyValidLogin" time="6.692"/>
</testsuite> <!-- testCases.Login -->
